c:\users\user\source\repos\lab13-tpoly\debug\vc142.pdb
c:\users\user\source\repos\lab13-tpoly\debug\vc142.idb
c:\users\user\source\repos\lab13-tpoly\debug\tpoly.obj
c:\users\user\source\repos\lab13-tpoly\debug\tmember.obj
c:\users\user\source\repos\lab13-tpoly\debug\lab13-tpoly.obj
c:\users\user\source\repos\lab13-tpoly\debug\lab13-tpoly.ilk
c:\users\user\source\repos\lab13-tpoly\debug\lab13-tpoly.exe
c:\users\user\source\repos\lab13-tpoly\debug\lab13-tpoly.pdb
c:\users\user\source\repos\lab13-tpoly\debug\tmemberunittests.ilk
c:\users\user\source\repos\lab13-tpoly\debug\tpolyunittests.ilk
c:\users\user\source\repos\lab13-tpoly\debug\tmemberunittests.exp
c:\users\user\source\repos\lab13-tpoly\debug\tpolyunittests.exp
c:\users\user\source\repos\lab13-tpoly\debug\tmemberunittests.pdb
c:\users\user\source\repos\lab13-tpoly\debug\tpolyunittests.pdb
c:\users\user\source\repos\lab13-tpoly\debug\lab13-tpoly.tlog\cl.command.1.tlog
c:\users\user\source\repos\lab13-tpoly\debug\lab13-tpoly.tlog\cl.read.1.tlog
c:\users\user\source\repos\lab13-tpoly\debug\lab13-tpoly.tlog\cl.write.1.tlog
c:\users\user\source\repos\lab13-tpoly\debug\lab13-tpoly.tlog\link.command.1.tlog
c:\users\user\source\repos\lab13-tpoly\debug\lab13-tpoly.tlog\link.read.1.tlog
c:\users\user\source\repos\lab13-tpoly\debug\lab13-tpoly.tlog\link.write.1.tlog
