c:\users\user\source\repos\stp\lab4-primefraction\debug\vc142.pdb
c:\users\user\source\repos\stp\lab4-primefraction\debug\vc142.idb
c:\users\user\source\repos\stp\lab4-primefraction\debug\tfrac.obj
c:\users\user\source\repos\stp\lab4-primefraction\debug\lab4-primefraction.obj
c:\users\user\source\repos\stp\lab4-primefraction\debug\lab4-primefraction.ilk
c:\users\user\source\repos\stp\lab4-primefraction\debug\lab4-primefraction.exe
c:\users\user\source\repos\stp\lab4-primefraction\debug\lab4-primefraction.pdb
c:\users\user\source\repos\stp\lab4-primefraction\debug\lab4-primefractionaddunittests.ilk
c:\users\user\source\repos\stp\lab4-primefraction\debug\lab4-primefractionbiggerunittests.ilk
c:\users\user\source\repos\stp\lab4-primefraction\debug\lab4-primefractioncopyunittests.ilk
c:\users\user\source\repos\stp\lab4-primefraction\debug\lab4-primefractiondivunittests.ilk
c:\users\user\source\repos\stp\lab4-primefraction\debug\lab4-primefractionequalsunittests.ilk
c:\users\user\source\repos\stp\lab4-primefraction\debug\lab4-primefractionminusunittests.ilk
c:\users\user\source\repos\stp\lab4-primefraction\debug\lab4-primefractionmulunittests.ilk
c:\users\user\source\repos\stp\lab4-primefraction\debug\lab4-primefractionreverseunittests.ilk
c:\users\user\source\repos\stp\lab4-primefraction\debug\lab4-primefractionsquareunittests.ilk
c:\users\user\source\repos\stp\lab4-primefraction\debug\lab4-primefractionsubunittests.ilk
c:\users\user\source\repos\stp\lab4-primefraction\debug\lab4-primefractionaddunittests.exp
c:\users\user\source\repos\stp\lab4-primefraction\debug\lab4-primefractionbiggerunittests.exp
c:\users\user\source\repos\stp\lab4-primefraction\debug\lab4-primefractioncopyunittests.exp
c:\users\user\source\repos\stp\lab4-primefraction\debug\lab4-primefractiondivunittests.exp
c:\users\user\source\repos\stp\lab4-primefraction\debug\lab4-primefractionequalsunittests.exp
c:\users\user\source\repos\stp\lab4-primefraction\debug\lab4-primefractionminusunittests.exp
c:\users\user\source\repos\stp\lab4-primefraction\debug\lab4-primefractionmulunittests.exp
c:\users\user\source\repos\stp\lab4-primefraction\debug\lab4-primefractionreverseunittests.exp
c:\users\user\source\repos\stp\lab4-primefraction\debug\lab4-primefractionsquareunittests.exp
c:\users\user\source\repos\stp\lab4-primefraction\debug\lab4-primefractionsubunittests.exp
c:\users\user\source\repos\stp\lab4-primefraction\debug\lab4-primefractionaddunittests.pdb
c:\users\user\source\repos\stp\lab4-primefraction\debug\lab4-primefractionbiggerunittests.pdb
c:\users\user\source\repos\stp\lab4-primefraction\debug\lab4-primefractioncopyunittests.pdb
c:\users\user\source\repos\stp\lab4-primefraction\debug\lab4-primefractiondivunittests.pdb
c:\users\user\source\repos\stp\lab4-primefraction\debug\lab4-primefractionequalsunittests.pdb
c:\users\user\source\repos\stp\lab4-primefraction\debug\lab4-primefractionminusunittests.pdb
c:\users\user\source\repos\stp\lab4-primefraction\debug\lab4-primefractionmulunittests.pdb
c:\users\user\source\repos\stp\lab4-primefraction\debug\lab4-primefractionreverseunittests.pdb
c:\users\user\source\repos\stp\lab4-primefraction\debug\lab4-primefractionsquareunittests.pdb
c:\users\user\source\repos\stp\lab4-primefraction\debug\lab4-primefractionsubunittests.pdb
c:\users\user\source\repos\stp\lab4-primefraction\debug\lab4-pri.348fa652.tlog\cl.command.1.tlog
c:\users\user\source\repos\stp\lab4-primefraction\debug\lab4-pri.348fa652.tlog\cl.read.1.tlog
c:\users\user\source\repos\stp\lab4-primefraction\debug\lab4-pri.348fa652.tlog\cl.write.1.tlog
c:\users\user\source\repos\stp\lab4-primefraction\debug\lab4-pri.348fa652.tlog\link.command.1.tlog
c:\users\user\source\repos\stp\lab4-primefraction\debug\lab4-pri.348fa652.tlog\link.read.1.tlog
c:\users\user\source\repos\stp\lab4-primefraction\debug\lab4-pri.348fa652.tlog\link.write.1.tlog
